Build started 17/10/2016 15:10:41.
     1>Project "D:\PROJECTS\EDU\Projecten 2\tutorials\tutorial_handling_midi_events\Builds\VisualStudio2015\HandlingMidiEventsTutorial.vcxproj" on node 2 (Build target(s)).
     1>ClCompile:
         F:\VISUAL STUDIO\VC\bin\CL.exe /c /I..\..\JuceLibraryCode /I..\..\..\..\juce\modules /Zi /nologo /W4 /WX- /MP /O1 /Oy- /D _CRT_SECURE_NO_WARNINGS /D WIN32 /D _WINDOWS /D DEBUG /D _DEBUG /D JUCER_VS2015_78A5022=1 /D JUCE_APP_VERSION=1.0.0 /D JUCE_APP_VERSION_HEX=0x10000 /Gm- /EHsc /MTd /GS /fp:precise /Zc:wchar_t /Zc:forScope /Zc:inline /GR /Fo"Debug\\" /Fd"Debug\\vc140.pdb" /Gd /TP /analyze- /errorReport:prompt ..\..\Source\MainComponent.cpp
         MainComponent.cpp
       Link:
         F:\VISUAL STUDIO\VC\bin\link.exe /ERRORREPORT:PROMPT /OUT:"D:\PROJECTS\EDU\Projecten 2\tutorials\tutorial_handling_midi_events\Builds\VisualStudio2015\Debug\\HandlingMidiEventsTutorial.exe" /NOLOGO kernel32.lib user32.lib gdi32.lib winspool.lib comdlg32.lib advapi32.lib shell32.lib ole32.lib oleaut32.lib uuid.lib odbc32.lib odbccp32.lib /NODEFAULTLIB:libcmt.lib /NODEFAULTLIB:msvcrt.lib /MANIFEST /MANIFESTUAC:"level='asInvoker' uiAccess='false'" /manifest:embed /Debug /PDB:"Debug\\HandlingMidiEventsTutorial.pdb" /SUBSYSTEM:WINDOWS /LARGEADDRESSAWARE /TLBID:1 /DYNAMICBASE /NXCOMPAT /IMPLIB:"D:\PROJECTS\EDU\Projecten 2\tutorials\tutorial_handling_midi_events\Builds\VisualStudio2015\Debug\HandlingMidiEventsTutorial.lib" /MACHINE:X86 /SAFESEH Debug\resources.res
         Debug\\MainComponent.obj
         Debug\\Main.obj
         Debug\\juce_audio_basics.obj
         Debug\\juce_audio_devices.obj
         Debug\\juce_audio_formats.obj
         Debug\\juce_audio_processors.obj
         Debug\\juce_audio_utils.obj
         Debug\\juce_core.obj
         Debug\\juce_cryptography.obj
         Debug\\juce_data_structures.obj
         Debug\\juce_events.obj
         Debug\\juce_graphics.obj
         Debug\\juce_gui_basics.obj
         Debug\\juce_gui_extra.obj
         Debug\\juce_opengl.obj
         Debug\\juce_video.obj
         HandlingMidiEventsTutorial.vcxproj -> D:\PROJECTS\EDU\Projecten 2\tutorials\tutorial_handling_midi_events\Builds\VisualStudio2015\Debug\HandlingMidiEventsTutorial.exe
     1>Done Building Project "D:\PROJECTS\EDU\Projecten 2\tutorials\tutorial_handling_midi_events\Builds\VisualStudio2015\HandlingMidiEventsTutorial.vcxproj" (Build target(s)).

Build succeeded.

Time Elapsed 00:00:03.30
