Build started 9/10/2016 14:31:41.
     1>Project "D:\PROJECTS\EDU\Projecten 2\HelloWorldMidi\Builds\VisualStudio2015\HelloWorldMidi.vcxproj" on node 2 (Build target(s)).
     1>ClCompile:
         F:\VISUAL STUDIO\VC\bin\CL.exe /c /I..\..\JuceLibraryCode /I..\..\..\JUCE\modules /ZI /nologo /W4 /WX- /MP /Od /Oy- /D _CRT_SECURE_NO_WARNINGS /D WIN32 /D _WINDOWS /D DEBUG /D _DEBUG /D JUCER_VS2015_78A5022=1 /D JUCE_APP_VERSION=1.0.0 /D JUCE_APP_VERSION_HEX=0x10000 /Gm- /EHsc /MTd /GS /fp:precise /Zc:wchar_t /Zc:forScope /Zc:inline /GR /Fo"Debug\\" /Fd"Debug\\vc140.pdb" /Gd /TP /analyze- /errorReport:prompt ..\..\Source\MainComponent.cpp
         MainComponent.cpp
     1>d:\projects\edu\projecten 2\helloworldmidi\source\maincomponent.cpp(29): warning C4189: 'found': local variable is initialized but not referenced
     1>d:\projects\edu\projecten 2\helloworldmidi\source\maincomponent.cpp(66): warning C4244: 'argument': conversion from 'double' to 'juce::uint8', possible loss of data
     1>d:\projects\edu\projecten 2\helloworldmidi\source\maincomponent.cpp(75): warning C4100: 'source': unreferenced formal parameter
       Link:
         F:\VISUAL STUDIO\VC\bin\link.exe /ERRORREPORT:PROMPT /OUT:"D:\PROJECTS\EDU\Projecten 2\HelloWorldMidi\Builds\VisualStudio2015\Debug\\HelloWorldMidi.exe" /NOLOGO kernel32.lib user32.lib gdi32.lib winspool.lib comdlg32.lib advapi32.lib shell32.lib ole32.lib oleaut32.lib uuid.lib odbc32.lib odbccp32.lib /NODEFAULTLIB:libcmt.lib /NODEFAULTLIB:msvcrt.lib /MANIFEST /MANIFESTUAC:"level='asInvoker' uiAccess='false'" /manifest:embed /Debug /PDB:"Debug\\HelloWorldMidi.pdb" /SUBSYSTEM:WINDOWS /LARGEADDRESSAWARE /TLBID:1 /DYNAMICBASE /NXCOMPAT /IMPLIB:"D:\PROJECTS\EDU\Projecten 2\HelloWorldMidi\Builds\VisualStudio2015\Debug\HelloWorldMidi.lib" /MACHINE:X86 /SAFESEH:NO Debug\resources.res
         Debug\\IncomingMessageCallback.obj
         Debug\\MainComponent.obj
         Debug\\Main.obj
         Debug\\juce_audio_basics.obj
         Debug\\juce_audio_devices.obj
         Debug\\juce_audio_formats.obj
         Debug\\juce_audio_processors.obj
         Debug\\juce_core.obj
         Debug\\juce_cryptography.obj
         Debug\\juce_data_structures.obj
         Debug\\juce_events.obj
         Debug\\juce_graphics.obj
         Debug\\juce_gui_basics.obj
         Debug\\juce_gui_extra.obj
         Debug\\juce_opengl.obj
         Debug\\juce_video.obj
         HelloWorldMidi.vcxproj -> D:\PROJECTS\EDU\Projecten 2\HelloWorldMidi\Builds\VisualStudio2015\Debug\HelloWorldMidi.exe
     1>Done Building Project "D:\PROJECTS\EDU\Projecten 2\HelloWorldMidi\Builds\VisualStudio2015\HelloWorldMidi.vcxproj" (Build target(s)).

Build succeeded.

Time Elapsed 00:00:01.90
