Build started 18/10/2016 23:42:40.
     1>Project "D:\PROJECTS\EDU\Projecten 2\TransposeMidi\Builds\VisualStudio2015\TransposeMidi.vcxproj" on node 2 (Build target(s)).
     1>ClCompile:
         F:\VISUAL STUDIO\VC\bin\CL.exe /c /I..\..\JuceLibraryCode /I..\..\..\JUCE\modules /Zi /nologo /W4 /WX- /MP /O1 /Oy- /D _CRT_SECURE_NO_WARNINGS /D WIN32 /D _WINDOWS /D DEBUG /D _DEBUG /D JUCER_VS2015_78A5022=1 /D JUCE_APP_VERSION=1.0.0 /D JUCE_APP_VERSION_HEX=0x10000 /Gm- /EHsc /MTd /GS /fp:precise /Zc:wchar_t /Zc:forScope /Zc:inline /GR /Fo"Debug\\" /Fd"Debug\\vc140.pdb" /Gd /TP /analyze- /errorReport:prompt ..\..\Source\Main.cpp ..\..\Source\MainComponent.cpp ..\..\JuceLibraryCode\juce_audio_basics.cpp ..\..\JuceLibraryCode\juce_audio_devices.cpp ..\..\JuceLibraryCode\juce_audio_formats.cpp ..\..\JuceLibraryCode\juce_audio_processors.cpp ..\..\JuceLibraryCode\juce_audio_utils.cpp ..\..\JuceLibraryCode\juce_core.cpp ..\..\JuceLibraryCode\juce_cryptography.cpp ..\..\JuceLibraryCode\juce_data_structures.cpp ..\..\JuceLibraryCode\juce_events.cpp ..\..\JuceLibraryCode\juce_graphics.cpp ..\..\JuceLibraryCode\juce_gui_basics.cpp ..\..\JuceLibraryCode\juce_gui_extra.cpp ..\..\JuceLibraryCode\juce_opengl.cpp ..\..\JuceLibraryCode\juce_video.cpp
         Main.cpp
         MainComponent.cpp
         juce_audio_basics.cpp
         juce_audio_devices.cpp
         juce_audio_formats.cpp
     1>..\..\Source\MainComponent.cpp(66): warning C4100: 'velocity': unreferenced formal parameter
     1>..\..\Source\MainComponent.cpp(66): warning C4100: 'midiNoteNumber': unreferenced formal parameter
     1>..\..\Source\MainComponent.cpp(66): warning C4100: 'midiChannel': unreferenced formal parameter
     1>..\..\Source\MainComponent.cpp(66): warning C4100: 'source': unreferenced formal parameter
     1>..\..\Source\MainComponent.cpp(70): warning C4100: 'velocity': unreferenced formal parameter
     1>..\..\Source\MainComponent.cpp(70): warning C4100: 'midiNoteNumber': unreferenced formal parameter
     1>..\..\Source\MainComponent.cpp(70): warning C4100: 'midiChannel': unreferenced formal parameter
     1>..\..\Source\MainComponent.cpp(70): warning C4100: 'source': unreferenced formal parameter
     1>..\..\Source\MainComponent.cpp(74): warning C4100: 'source': unreferenced formal parameter
     1>..\..\Source\Main.cpp(27): warning C4100: 'commandLine': unreferenced formal parameter
     1>..\..\Source\MainComponent.cpp(93): warning C4800: 'MainContentComponent *const ': forcing value to bool 'true' or 'false' (performance warning)
     1>..\..\Source\Main.cpp(49): warning C4100: 'commandLine': unreferenced formal parameter
     1>..\..\Source\MainComponent.cpp(107): warning C4244: 'initializing': conversion from 'double' to 'int', possible loss of data
         juce_audio_processors.cpp
         juce_audio_utils.cpp
         juce_core.cpp
         juce_cryptography.cpp
         juce_data_structures.cpp
         juce_events.cpp
         juce_graphics.cpp
         juce_gui_basics.cpp
         juce_gui_extra.cpp
         juce_opengl.cpp
         juce_video.cpp
       ResourceCompile:
         C:\Program Files (x86)\Windows Kits\8.1\bin\x86\rc.exe /D _DEBUG /l"0x0409" /nologo /fo"Debug\resources.res" .\resources.rc 
       Link:
         F:\VISUAL STUDIO\VC\bin\link.exe /ERRORREPORT:PROMPT /OUT:"D:\PROJECTS\EDU\Projecten 2\TransposeMidi\Builds\VisualStudio2015\Debug\\TransposeMidi.exe" /NOLOGO kernel32.lib user32.lib gdi32.lib winspool.lib comdlg32.lib advapi32.lib shell32.lib ole32.lib oleaut32.lib uuid.lib odbc32.lib odbccp32.lib /NODEFAULTLIB:libcmt.lib /NODEFAULTLIB:msvcrt.lib /MANIFEST /MANIFESTUAC:"level='asInvoker' uiAccess='false'" /manifest:embed /Debug /PDB:"Debug\\TransposeMidi.pdb" /SUBSYSTEM:WINDOWS /LARGEADDRESSAWARE /TLBID:1 /DYNAMICBASE /NXCOMPAT /IMPLIB:"D:\PROJECTS\EDU\Projecten 2\TransposeMidi\Builds\VisualStudio2015\Debug\TransposeMidi.lib" /MACHINE:X86 /SAFESEH Debug\resources.res
         Debug\\Main.obj
         Debug\\MainComponent.obj
         Debug\\juce_audio_basics.obj
         Debug\\juce_audio_devices.obj
         Debug\\juce_audio_formats.obj
         Debug\\juce_audio_processors.obj
         Debug\\juce_audio_utils.obj
         Debug\\juce_core.obj
         Debug\\juce_cryptography.obj
         Debug\\juce_data_structures.obj
         Debug\\juce_events.obj
         Debug\\juce_graphics.obj
         Debug\\juce_gui_basics.obj
         Debug\\juce_gui_extra.obj
         Debug\\juce_opengl.obj
         Debug\\juce_video.obj
         TransposeMidi.vcxproj -> D:\PROJECTS\EDU\Projecten 2\TransposeMidi\Builds\VisualStudio2015\Debug\TransposeMidi.exe
     1>Done Building Project "D:\PROJECTS\EDU\Projecten 2\TransposeMidi\Builds\VisualStudio2015\TransposeMidi.vcxproj" (Build target(s)).

Build succeeded.

Time Elapsed 00:00:20.14
